[[36mvrep_common[0m] [1m[34m==>[0m '[1m/home/youbot/Simulation_Examples/Masterarbeit2/catkin_ws/build/vrep_common/build_env.sh /usr/bin/make cmake_check_build_system[0m' [30m[1min[0m '[1m/home/youbot/Simulation_Examples/Masterarbeit2/catkin_ws/build/vrep_common[0m'[0m
-- Using CATKIN_DEVEL_PREFIX: /home/youbot/Simulation_Examples/Masterarbeit2/catkin_ws/devel
-- Using CMAKE_PREFIX_PATH: /home/youbot/Simulation_Examples/Masterarbeit2/catkin_ws/devel;/home/youbot/Simulation_Examples/Test/catkin_ws/devel;/home/youbot/Simulation_Examples/catkin_ws/devel;/opt/ros/hydro
-- This workspace overlays: /home/youbot/Simulation_Examples/Masterarbeit2/catkin_ws/devel;/opt/ros/hydro
-- Using PYTHON_EXECUTABLE: /usr/bin/python
-- Python version: 2.7
-- Using Debian Python package layout
-- Using CATKIN_ENABLE_TESTING: ON
-- Call enable_testing()
-- Using CATKIN_TEST_RESULTS_DIR: /home/youbot/Simulation_Examples/Masterarbeit/catkin_ws/build/test_results
-- Found gtest sources under '/usr/src/gtest': gtests will be built
-- catkin 0.5.89
-- BUILD_SHARED_LIBS is on
WARNING: Package name "youbot_HTWG" does not follow the naming conventions. It should start with a lower case letter and only contain lower case letters, digits and underscores.
WARNING: Package name "youbot_HTWG" does not follow the naming conventions. It should start with a lower case letter and only contain lower case letters, digits and underscores.
WARNING: package "vrep_youbot_plugin" should not depend on metapackage "perception_pcl" but on its packages instead
-- ~~~~~~~~~~~~~~~~~~~~~~~~~~~~~~~~~~~~~~~~~~~~~~~~~
-- ~~  traversing 3 packages in topological order:
-- ~~  - vrep_common
-- ~~  - vrep_plugin
-- ~~  - youbot_HTWG
-- ~~~~~~~~~~~~~~~~~~~~~~~~~~~~~~~~~~~~~~~~~~~~~~~~~
-- +++ processing catkin package: 'vrep_common'
-- ==> add_subdirectory(vrep_common)
-- Using these message generators: gencpp;genlisp;genpy
-- vrep_common: 8 messages, 97 services
-- +++ processing catkin package: 'vrep_plugin'
-- ==> add_subdirectory(vrep_plugin)
-- Using these message generators: gencpp;genlisp;genpy
-- +++ processing catkin package: 'youbot_HTWG'
-- ==> add_subdirectory(youbot_HTWG)
WARNING: Package name "youbot_HTWG" does not follow the naming conventions. It should start with a lower case letter and only contain lower case letters, digits and underscores.
-- Configuring done
-- Generating done
-- Build files have been written to: /home/youbot/Simulation_Examples/Masterarbeit2/catkin_ws/build
[[36mvrep_common[0m] [32m<==[0m '[1m/home/youbot/Simulation_Examples/Masterarbeit2/catkin_ws/build/vrep_common/build_env.sh /usr/bin/make cmake_check_build_system[0m' finished with return code '[1m0[0m'[0m
[[36mvrep_common[0m] [1m[34m==>[0m '[1m/home/youbot/Simulation_Examples/Masterarbeit2/catkin_ws/build/vrep_common/build_env.sh /usr/bin/make --jobserver-fds=3,5 -j[0m' [30m[1min[0m '[1m/home/youbot/Simulation_Examples/Masterarbeit2/catkin_ws/build/vrep_common[0m'[0m
[  0%] Built target std_msgs_generate_messages_py
[  0%] Built target sensor_msgs_generate_messages_py
[  0%] Built target sensor_msgs_generate_messages_cpp
[  0%] Built target std_msgs_generate_messages_cpp
[  0%] Built target sensor_msgs_generate_messages_lisp
[  0%] Built target std_msgs_generate_messages_lisp
[ 33%] Built target vrep_common_generate_messages_py
[ 66%] Built target vrep_common_generate_messages_cpp
[100%] Built target vrep_common_generate_messages_lisp
[100%] Built target vrep_common_generate_messages
[[36mvrep_common[0m] [32m<==[0m '[1m/home/youbot/Simulation_Examples/Masterarbeit2/catkin_ws/build/vrep_common/build_env.sh /usr/bin/make --jobserver-fds=3,5 -j[0m' finished with return code '[1m0[0m'[0m
