[[36mvrep_plugin[0m] [1m[34m==>[0m '[1m/home/youbot/Simulation_Examples/Masterarbeit2/catkin_ws/build/vrep_plugin/build_env.sh /usr/bin/make cmake_check_build_system[0m' [30m[1min[0m '[1m/home/youbot/Simulation_Examples/Masterarbeit2/catkin_ws/build/vrep_plugin[0m'[0m
[[36mvrep_plugin[0m] [32m<==[0m '[1m/home/youbot/Simulation_Examples/Masterarbeit2/catkin_ws/build/vrep_plugin/build_env.sh /usr/bin/make cmake_check_build_system[0m' finished with return code '[1m0[0m'[0m
[[36mvrep_plugin[0m] [1m[34m==>[0m '[1m/home/youbot/Simulation_Examples/Masterarbeit2/catkin_ws/build/vrep_plugin/build_env.sh /usr/bin/make --jobserver-fds=3,5 -j[0m' [30m[1min[0m '[1m/home/youbot/Simulation_Examples/Masterarbeit2/catkin_ws/build/vrep_plugin[0m'[0m
[  0%] Built target std_msgs_generate_messages_py
[  0%] [  0%] Built target geometry_msgs_generate_messages_cpp
Built target tf2_msgs_generate_messages_py
[  0%] [  0%] [  0%] Built target geometry_msgs_generate_messages_lisp
Built target roscpp_generate_messages_cpp
Built target roscpp_generate_messages_py
[  0%] [  0%] Built target roscpp_generate_messages_lisp
Built target geometry_msgs_generate_messages_py
[  0%] Built target rosgraph_msgs_generate_messages_cpp
[  0%] Built target std_msgs_generate_messages_lisp
[  0%] Built target std_msgs_generate_messages_cpp
[  0%] Built target sensor_msgs_generate_messages_lisp
[  0%] Built target sensor_msgs_generate_messages_py
[  0%] Built target sensor_msgs_generate_messages_cpp
[  0%] [  0%] Built target tf_generate_messages_py
Built target actionlib_msgs_generate_messages_cpp
[  0%] Built target rosgraph_msgs_generate_messages_lisp
[  0%] [  0%] Built target actionlib_generate_messages_cpp
Built target rosgraph_msgs_generate_messages_py
[ 47%] [ 65%] Built target vrep_common_generate_messages_lisp
Built target vrep_common_generate_messages_cpp
[ 98%] Built target vrep_common_generate_messages_py
[ 98%] Built target tf_generate_messages_lisp
[ 98%] Built target tf_generate_messages_cpp
[ 98%] Built target actionlib_generate_messages_lisp
[ 98%] Built target actionlib_generate_messages_py
[ 98%] Built target actionlib_msgs_generate_messages_lisp
[ 98%] Built target actionlib_msgs_generate_messages_py
[ 98%] [ 98%] Built target tf2_msgs_generate_messages_cpp
Built target tf2_msgs_generate_messages_lisp
[100%] Built target v_repExtRos
[[36mvrep_plugin[0m] [32m<==[0m '[1m/home/youbot/Simulation_Examples/Masterarbeit2/catkin_ws/build/vrep_plugin/build_env.sh /usr/bin/make --jobserver-fds=3,5 -j[0m' finished with return code '[1m0[0m'[0m
