[[36mvrep_common[0m] [1m[34m==>[0m '[1m/home/youbot/Simulation_Examples/KUKA_youBot_ROS_VREP/towerOfHanoi_ROS/catkin_ws/build/vrep_common/build_env.sh /usr/bin/cmake /home/youbot/Simulation_Examples/KUKA_youBot_ROS_VREP/towerOfHanoi_ROS/catkin_ws/src/vrep_common -DCATKIN_DEVEL_PREFIX=/home/youbot/Simulation_Examples/KUKA_youBot_ROS_VREP/towerOfHanoi_ROS/catkin_ws/devel -DCMAKE_INSTALL_PREFIX=/home/youbot/Simulation_Examples/KUKA_youBot_ROS_VREP/towerOfHanoi_ROS/catkin_ws/install[0m' [30m[1min[0m '[1m/home/youbot/Simulation_Examples/KUKA_youBot_ROS_VREP/towerOfHanoi_ROS/catkin_ws/build/vrep_common[0m'[0m
[36m-- [0mThe C compiler identification is GNU
[0m[36m-- [0mThe CXX compiler identification is GNU
[0m[36m-- [0mCheck for working C compiler:[33m /usr/bin/gcc
[0m[0m[36m-- [0mCheck for working C compiler:[33m /usr/bin/gcc -- works
[0m[0m[36m-- [0mDetecting C compiler ABI info
[0m[36m-- [0mDetecting C compiler ABI info - done
[0m[36m-- [0mCheck for working CXX compiler:[33m /usr/bin/c++
[0m[0m[36m-- [0mCheck for working CXX compiler:[33m /usr/bin/c++ -- works
[0m[0m[36m-- [0mDetecting CXX compiler ABI info
[0m[36m-- [0mDetecting CXX compiler ABI info - done
[0m[36m-- [0mUsing CATKIN_DEVEL_PREFIX:[33m /home/youbot/Simulation_Examples/KUKA_youBot_ROS_VREP/towerOfHanoi_ROS/catkin_ws/devel
[0m[0m[36m-- [0mUsing CMAKE_PREFIX_PATH:[33m /opt/ros/hydro
[0m[0m[36m-- [0mThis workspace overlays:[33m /opt/ros/hydro
[0m[0m[36m-- [0mFound PythonInterp:[33m /usr/bin/python (found version "2.7.3")
[0m[0m[36m-- [0mUsing PYTHON_EXECUTABLE:[33m /usr/bin/python
[0m[0m[36m-- [0mPython version:[33m 2.7
[0m[0m[36m-- [0mUsing Debian Python package layout
[0m[36m-- [0mUsing CATKIN_ENABLE_TESTING:[33m ON
[0m[0m[36m-- [0mCall enable_testing()
[0m[36m-- [0mUsing CATKIN_TEST_RESULTS_DIR:[33m /home/youbot/Simulation_Examples/KUKA_youBot_ROS_VREP/towerOfHanoi_ROS/catkin_ws/build/vrep_common/test_results
[0m[0m[36m-- [0mLooking for include files CMAKE_HAVE_PTHREAD_H
[0m[36m-- [0mLooking for include files CMAKE_HAVE_PTHREAD_H - found
[0m[36m-- [0mLooking for pthread_create in pthreads
[0m[36m-- [0mLooking for pthread_create in pthreads - not found
[0m[36m-- [0mLooking for pthread_create in pthread
[0m[36m-- [0mLooking for pthread_create in pthread - found
[0m[36m-- [0mFound Threads:[33m TRUE 
[0m[0m[36m-- [0mFound gtest sources under '/usr/src/gtest':[33m gtests will be built
[0m[0m[36m-- [0mcatkin 0.5.89
[0m[36m-- [0mUsing these message generators:[33m gencpp;genlisp;genpy
[0m[0m[36m-- [0mvrep_common:[33m 8 messages, 97 services
[0m[0m[36m-- [0mConfiguring done
[0m[36m-- [0mGenerating done
[0m[36m-- [0mBuild files have been written to:[33m /home/youbot/Simulation_Examples/KUKA_youBot_ROS_VREP/towerOfHanoi_ROS/catkin_ws/build/vrep_common
[0m[0m[[36mvrep_common[0m] [32m<==[0m '[1m/home/youbot/Simulation_Examples/KUKA_youBot_ROS_VREP/towerOfHanoi_ROS/catkin_ws/build/vrep_common/build_env.sh /usr/bin/cmake /home/youbot/Simulation_Examples/KUKA_youBot_ROS_VREP/towerOfHanoi_ROS/catkin_ws/src/vrep_common -DCATKIN_DEVEL_PREFIX=/home/youbot/Simulation_Examples/KUKA_youBot_ROS_VREP/towerOfHanoi_ROS/catkin_ws/devel -DCMAKE_INSTALL_PREFIX=/home/youbot/Simulation_Examples/KUKA_youBot_ROS_VREP/towerOfHanoi_ROS/catkin_ws/install[0m' finished with return code '[1m0[0m'[0m
[[36mvrep_common[0m] [1m[34m==>[0m '[1m/home/youbot/Simulation_Examples/KUKA_youBot_ROS_VREP/towerOfHanoi_ROS/catkin_ws/build/vrep_common/build_env.sh /usr/bin/make --jobserver-fds=3,4 -j[0m' [30m[1min[0m '[1m/home/youbot/Simulation_Examples/KUKA_youBot_ROS_VREP/towerOfHanoi_ROS/catkin_ws/build/vrep_common[0m'[0m
[35m[1mScanning dependencies of target std_msgs_generate_messages_py
[0m[  0%] Built target std_msgs_generate_messages_py
[35m[1mScanning dependencies of target sensor_msgs_generate_messages_py
[0m[  0%] Built target sensor_msgs_generate_messages_py
[35m[1mScanning dependencies of target std_msgs_generate_messages_cpp
[0m[  0%] Built target std_msgs_generate_messages_cpp
[35m[1mScanning dependencies of target sensor_msgs_generate_messages_cpp
[0m[  0%] Built target sensor_msgs_generate_messages_cpp
[35m[1mScanning dependencies of target std_msgs_generate_messages_lisp
[0m[  0%] Built target std_msgs_generate_messages_lisp
[35m[1mScanning dependencies of target sensor_msgs_generate_messages_lisp
[0m[  0%] Built target sensor_msgs_generate_messages_lisp
[35m[1mScanning dependencies of target vrep_common_generate_messages_py
[0m[  0%] [34m[1mGenerating Python from MSG vrep_common/VisionSensorData
[0m[  1%] [34m[1mGenerating Python from MSG vrep_common/JointSetStateData
[0m[  1%] [34m[1mGenerating Python from MSG vrep_common/VisionSensorDepthBuff
[0m[  1%] [34m[1mGenerating Python from MSG vrep_common/VrepInfo
[0m[  2%] [34m[1mGenerating Python from MSG vrep_common/ObjectGroupData
[0m[  2%] [34m[1mGenerating Python from MSG vrep_common/ProximitySensorData
[0m[  2%] [34m[1mGenerating Python from MSG vrep_common/ForceSensorData
[0m[  3%] [34m[1mGenerating Python from MSG vrep_common/ScriptFunctionCallData
[0m[  3%] [34m[1mGenerating Python code from SRV vrep_common/simRosGetArrayParameter
[0m[  3%] [34m[1mGenerating Python code from SRV vrep_common/simRosGetIntegerParameter
[0m[  4%] [34m[1mGenerating Python code from SRV vrep_common/simRosAuxiliaryConsolePrint
[0m[  4%] [34m[1mGenerating Python code from SRV vrep_common/simRosGetObjectGroupData
[0m[  4%] [34m[1mGenerating Python code from SRV vrep_common/simRosAppendStringSignal
[0m[  4%] [34m[1mGenerating Python code from SRV vrep_common/simRosRemoveUI
[0m[  5%] [34m[1mGenerating Python code from SRV vrep_common/simRosReadDistance
[0m[  5%] [34m[1mGenerating Python code from SRV vrep_common/simRosSetObjectQuaternion
[0m[  5%] [34m[1mGenerating Python code from SRV vrep_common/simRosReadCollision
[0m[  6%] [34m[1mGenerating Python code from SRV vrep_common/simRosGetObjects
[0m[  6%] [34m[1mGenerating Python code from SRV vrep_common/simRosStopSimulation
[0m[  6%] [34m[1mGenerating Python code from SRV vrep_common/simRosGetObjectHandle
[0m[  7%] [34m[1mGenerating Python code from SRV vrep_common/simRosDisablePublisher
[0m[  7%] [34m[1mGenerating Python code from SRV vrep_common/simRosCloseScene
[0m[  7%] [34m[1mGenerating Python code from SRV vrep_common/simRosEnablePublisher
[0m[  8%] [34m[1mGenerating Python code from SRV vrep_common/simRosGetObjectFloatParameter
[0m[  8%] [34m[1mGenerating Python code from SRV vrep_common/simRosClearFloatSignal
[0m[  8%] [34m[1mGenerating Python code from SRV vrep_common/simRosGetJointMatrix
[0m[  9%] [34m[1mGenerating Python code from SRV vrep_common/simRosSetJointState
[0m[  9%] [34m[1mGenerating Python code from SRV vrep_common/simRosSetIntegerSignal
[0m[  9%] [34m[1mGenerating Python code from SRV vrep_common/simRosAuxiliaryConsoleClose
[0m[  9%] [34m[1mGenerating Python code from SRV vrep_common/simRosBreakForceSensor
[0m[ 10%] [34m[1mGenerating Python code from SRV vrep_common/simRosGetUIHandle
[0m[ 10%] [34m[1mGenerating Python code from SRV vrep_common/simRosSetJointTargetVelocity
[0m[ 10%] [34m[1mGenerating Python code from SRV vrep_common/simRosReadProximitySensor
[0m[ 11%] [34m[1mGenerating Python code from SRV vrep_common/simRosReadForceSensor
[0m[ 11%] [34m[1mGenerating Python code from SRV vrep_common/simRosGetFloatingParameter
[0m[ 12%] [ 12%] [34m[1mGenerating Python code from SRV vrep_common/simRosClearIntegerSignal
[0m[34m[1mGenerating Python code from SRV vrep_common/simRosSetBooleanParameter
[0m[ 12%] [34m[1mGenerating Python code from SRV vrep_common/simRosLoadModel
[0m[ 12%] [34m[1mGenerating Python code from SRV vrep_common/simRosSetStringSignal
[0m[ 13%] [34m[1mGenerating Python code from SRV vrep_common/simRosGetLastErrors
[0m[ 13%] [34m[1mGenerating Python code from SRV vrep_common/simRosGetDialogInput
[0m[ 13%] [34m[1mGenerating Python code from SRV vrep_common/simRosSetObjectFloatParameter
[0m[ 14%] [34m[1mGenerating Python code from SRV vrep_common/simRosLoadUI
[0m[ 14%] [34m[1mGenerating Python code from SRV vrep_common/simRosSetObjectPose
[0m[ 14%] [34m[1mGenerating Python code from SRV vrep_common/simRosAddStatusbarMessage
[0m[ 14%] [34m[1mGenerating Python code from SRV vrep_common/simRosSetUISlider
[0m[ 15%] [34m[1mGenerating Python code from SRV vrep_common/simRosRemoveModel
[0m[ 15%] [34m[1mGenerating Python code from SRV vrep_common/simRosGetCollectionHandle
[0m[ 15%] [34m[1mGenerating Python code from SRV vrep_common/simRosGetObjectChild
[0m[ 16%] [34m[1mGenerating Python code from SRV vrep_common/simRosTransferFile
[0m[ 16%] [34m[1mGenerating Python code from SRV vrep_common/simRosSetFloatSignal
[0m[ 16%] [34m[1mGenerating Python code from SRV vrep_common/simRosSetJointForce
[0m[ 17%] [34m[1mGenerating Python code from SRV vrep_common/simRosAuxiliaryConsoleShow
[0m[ 17%] [34m[1mGenerating Python code from SRV vrep_common/simRosGetIntegerSignal
[0m[ 17%] [34m[1mGenerating Python code from SRV vrep_common/simRosGetUISlider
[0m[ 18%] [34m[1mGenerating Python code from SRV vrep_common/simRosReadVisionSensor
[0m[ 18%] [34m[1mGenerating Python code from SRV vrep_common/simRosGetStringSignal
[0m[ 18%] [34m[1mGenerating Python code from SRV vrep_common/simRosRemoveObject
[0m[ 19%] [34m[1mGenerating Python code from SRV vrep_common/simRosSetArrayParameter
[0m[ 19%] [34m[1mGenerating Python code from SRV vrep_common/simRosSetJointTargetPosition
[0m[ 19%] [34m[1mGenerating Python code from SRV vrep_common/simRosEndDialog
[0m[ 19%] [34m[1mGenerating Python code from SRV vrep_common/simRosAuxiliaryConsoleOpen
[0m[ 20%] [34m[1mGenerating Python code from SRV vrep_common/simRosSetIntegerParameter
[0m[ 20%] [34m[1mGenerating Python code from SRV vrep_common/simRosEraseFile
[0m[ 20%] [34m[1mGenerating Python code from SRV vrep_common/simRosGetObjectSelection
[0m[ 21%] [34m[1mGenerating Python code from SRV vrep_common/simRosSynchronousTrigger
[0m[ 21%] [34m[1mGenerating Python code from SRV vrep_common/simRosGetVisionSensorDepthBuffer
[0m[ 21%] [34m[1mGenerating Python code from SRV vrep_common/simRosGetDialogResult
[0m[ 22%] [34m[1mGenerating Python code from SRV vrep_common/simRosGetFloatSignal
[0m[ 22%] [34m[1mGenerating Python code from SRV vrep_common/simRosSetVisionSensorImage
[0m[ 22%] [34m[1mGenerating Python code from SRV vrep_common/simRosSetObjectPosition
[0m[ 23%] [34m[1mGenerating Python code from SRV vrep_common/simRosSetObjectIntParameter
[0m[ 23%] [34m[1mGenerating Python code from SRV vrep_common/simRosGetVisionSensorImage
[0m[ 23%] [34m[1mGenerating Python code from SRV vrep_common/simRosGetUIButtonProperty
[0m[ 24%] [34m[1mGenerating Python code from SRV vrep_common/simRosGetAndClearStringSignal
[0m[ 24%] [34m[1mGenerating Python code from SRV vrep_common/simRosCreateDummy
[0m[ 24%] [34m[1mGenerating Python code from SRV vrep_common/simRosLoadScene
[0m[ 24%] [34m[1mGenerating Python code from SRV vrep_common/simRosCopyPasteObjects
[0m[ 25%] [34m[1mGenerating Python code from SRV vrep_common/simRosSetSphericalJointMatrix
[0m[ 25%] [34m[1mGenerating Python code from SRV vrep_common/simRosSynchronous
[0m[ 25%] [34m[1mGenerating Python code from SRV vrep_common/simRosSetObjectParent
[0m[ 26%] [34m[1mGenerating Python code from SRV vrep_common/simRosDisplayDialog
[0m[ 26%] [34m[1mGenerating Python code from SRV vrep_common/simRosGetModelProperty
[0m[ 26%] [34m[1mGenerating Python code from SRV vrep_common/simRosGetDistanceHandle
[0m[ 27%] [34m[1mGenerating Python code from SRV vrep_common/simRosGetUIEventButton
[0m[ 27%] [34m[1mGenerating Python code from SRV vrep_common/simRosGetInfo
[0m[ 27%] [34m[1mGenerating Python code from SRV vrep_common/simRosPauseSimulation
[0m[ 28%] [34m[1mGenerating Python code from SRV vrep_common/simRosGetJointState
[0m[ 28%] [34m[1mGenerating Python code from SRV vrep_common/simRosGetObjectIntParameter
[0m[ 28%] [34m[1mGenerating Python code from SRV vrep_common/simRosGetCollisionHandle
[0m[ 29%] [34m[1mGenerating Python code from SRV vrep_common/simRosSetObjectSelection
[0m[ 29%] [34m[1mGenerating Python code from SRV vrep_common/simRosStartSimulation
[0m[ 29%] [34m[1mGenerating Python code from SRV vrep_common/simRosGetObjectPose
[0m[ 29%] [34m[1mGenerating Python code from SRV vrep_common/simRosGetBooleanParameter
[0m[ 30%] [34m[1mGenerating Python code from SRV vrep_common/simRosSetFloatingParameter
[0m[ 30%] [34m[1mGenerating Python code from SRV vrep_common/simRosEnableSubscriber
[0m[ 30%] [34m[1mGenerating Python code from SRV vrep_common/simRosSetUIButtonProperty
[0m[ 31%] [34m[1mGenerating Python code from SRV vrep_common/simRosClearStringSignal
[0m[ 31%] [34m[1mGenerating Python code from SRV vrep_common/simRosCallScriptFunction
[0m[ 31%] [34m[1mGenerating Python code from SRV vrep_common/simRosSetModelProperty
[0m[ 32%] [34m[1mGenerating Python code from SRV vrep_common/simRosSetUIButtonLabel
[0m[ 32%] [34m[1mGenerating Python code from SRV vrep_common/simRosSetJointPosition
[0m[ 32%] [34m[1mGenerating Python code from SRV vrep_common/simRosGetObjectParent
[0m[ 33%] [34m[1mGenerating Python code from SRV vrep_common/simRosDisableSubscriber
[0m[ 33%] [34m[1mGenerating Python code from SRV vrep_common/simRosGetStringParameter
[0m[ 33%] [34m[1mGenerating Python msg __init__.py for vrep_common
[0m[ 34%] [34m[1mGenerating Python srv __init__.py for vrep_common
[0m[ 34%] Built target vrep_common_generate_messages_py
[35m[1mScanning dependencies of target vrep_common_generate_messages_cpp
[0m[ 35%] [34m[1mGenerating C++ code from vrep_common/VisionSensorData.msg
[0m[ 35%] [34m[1mGenerating C++ code from vrep_common/JointSetStateData.msg
[0m[ 35%] [34m[1mGenerating C++ code from vrep_common/VisionSensorDepthBuff.msg
[0m[ 36%] [34m[1mGenerating C++ code from vrep_common/VrepInfo.msg
[0m[ 36%] [34m[1mGenerating C++ code from vrep_common/ObjectGroupData.msg
[0m[ 36%] [34m[1mGenerating C++ code from vrep_common/ProximitySensorData.msg
[0m[ 37%] [34m[1mGenerating C++ code from vrep_common/ForceSensorData.msg
[0m[ 37%] [34m[1mGenerating C++ code from vrep_common/ScriptFunctionCallData.msg
[0m[ 37%] [34m[1mGenerating C++ code from vrep_common/simRosGetArrayParameter.srv
[0m[ 38%] [34m[1mGenerating C++ code from vrep_common/simRosGetIntegerParameter.srv
[0m[ 38%] [34m[1mGenerating C++ code from vrep_common/simRosAuxiliaryConsolePrint.srv
[0m[ 38%] [34m[1mGenerating C++ code from vrep_common/simRosGetObjectGroupData.srv
[0m[ 39%] [34m[1mGenerating C++ code from vrep_common/simRosAppendStringSignal.srv
[0m[ 39%] [34m[1mGenerating C++ code from vrep_common/simRosRemoveUI.srv
[0m[ 39%] [34m[1mGenerating C++ code from vrep_common/simRosReadDistance.srv
[0m[ 39%] [34m[1mGenerating C++ code from vrep_common/simRosSetObjectQuaternion.srv
[0m[35m[1mScanning dependencies of target vrep_common_generate_messages_lisp
[0m[ 40%] [34m[1mGenerating Lisp code from vrep_common/VisionSensorData.msg
[0m[ 40%] [34m[1mGenerating Lisp code from vrep_common/JointSetStateData.msg
[0m[ 40%] [34m[1mGenerating Lisp code from vrep_common/VisionSensorDepthBuff.msg
[0m[ 41%] [34m[1mGenerating C++ code from vrep_common/simRosReadCollision.srv
[0m[ 42%] [34m[1mGenerating Lisp code from vrep_common/VrepInfo.msg
[0m[ 42%] [34m[1mGenerating Lisp code from vrep_common/ObjectGroupData.msg
[0m[ 42%] [34m[1mGenerating Lisp code from vrep_common/ProximitySensorData.msg
[0m[ 42%] [34m[1mGenerating Lisp code from vrep_common/ForceSensorData.msg
[0m[ 42%] [34m[1mGenerating C++ code from vrep_common/simRosGetObjects.srv
[0m[ 43%] [34m[1mGenerating Lisp code from vrep_common/ScriptFunctionCallData.msg
[0m[ 43%] [34m[1mGenerating Lisp code from vrep_common/simRosGetArrayParameter.srv
[0m[ 43%] [34m[1mGenerating Lisp code from vrep_common/simRosGetIntegerParameter.srv
[0m[ 43%] [34m[1mGenerating C++ code from vrep_common/simRosStopSimulation.srv
[0m[ 44%] [34m[1mGenerating Lisp code from vrep_common/simRosAuxiliaryConsolePrint.srv
[0m[ 44%] [34m[1mGenerating Lisp code from vrep_common/simRosGetObjectGroupData.srv
[0m[ 44%] [34m[1mGenerating Lisp code from vrep_common/simRosAppendStringSignal.srv
[0m[ 45%] [34m[1mGenerating C++ code from vrep_common/simRosGetObjectHandle.srv
[0m[ 46%] [34m[1mGenerating Lisp code from vrep_common/simRosRemoveUI.srv
[0m[ 46%] [34m[1mGenerating Lisp code from vrep_common/simRosReadDistance.srv
[0m[ 46%] [34m[1mGenerating Lisp code from vrep_common/simRosSetObjectQuaternion.srv
[0m[ 46%] [34m[1mGenerating C++ code from vrep_common/simRosDisablePublisher.srv
[0m[ 47%] [34m[1mGenerating Lisp code from vrep_common/simRosReadCollision.srv
[0m[ 47%] [34m[1mGenerating Lisp code from vrep_common/simRosGetObjects.srv
[0m[ 47%] [34m[1mGenerating Lisp code from vrep_common/simRosStopSimulation.srv
[0m[ 47%] [34m[1mGenerating C++ code from vrep_common/simRosCloseScene.srv
[0m[ 48%] [34m[1mGenerating Lisp code from vrep_common/simRosGetObjectHandle.srv
[0m[ 48%] [34m[1mGenerating Lisp code from vrep_common/simRosDisablePublisher.srv
[0m[ 48%] [34m[1mGenerating Lisp code from vrep_common/simRosCloseScene.srv
[0m[ 48%] [34m[1mGenerating Lisp code from vrep_common/simRosEnablePublisher.srv
[0m[ 49%] [34m[1mGenerating C++ code from vrep_common/simRosEnablePublisher.srv
[0m[ 50%] [34m[1mGenerating Lisp code from vrep_common/simRosGetObjectFloatParameter.srv
[0m[ 50%] [34m[1mGenerating Lisp code from vrep_common/simRosClearFloatSignal.srv
[0m[ 50%] [34m[1mGenerating Lisp code from vrep_common/simRosGetJointMatrix.srv
[0m[ 50%] [34m[1mGenerating C++ code from vrep_common/simRosGetObjectFloatParameter.srv
[0m[ 51%] [34m[1mGenerating Lisp code from vrep_common/simRosSetJointState.srv
[0m[ 51%] [34m[1mGenerating Lisp code from vrep_common/simRosSetIntegerSignal.srv
[0m[ 51%] [34m[1mGenerating Lisp code from vrep_common/simRosAuxiliaryConsoleClose.srv
[0m[ 51%] [34m[1mGenerating C++ code from vrep_common/simRosClearFloatSignal.srv
[0m[ 52%] [34m[1mGenerating Lisp code from vrep_common/simRosBreakForceSensor.srv
[0m[ 52%] [34m[1mGenerating Lisp code from vrep_common/simRosGetUIHandle.srv
[0m[ 52%] [34m[1mGenerating Lisp code from vrep_common/simRosSetJointTargetVelocity.srv
[0m[ 53%] [34m[1mGenerating C++ code from vrep_common/simRosGetJointMatrix.srv
[0m[ 54%] [34m[1mGenerating Lisp code from vrep_common/simRosReadProximitySensor.srv
[0m[ 54%] [34m[1mGenerating Lisp code from vrep_common/simRosReadForceSensor.srv
[0m[ 54%] [34m[1mGenerating Lisp code from vrep_common/simRosGetFloatingParameter.srv
[0m[ 54%] [34m[1mGenerating C++ code from vrep_common/simRosSetJointState.srv
[0m[ 55%] [34m[1mGenerating Lisp code from vrep_common/simRosSetBooleanParameter.srv
[0m[ 55%] [34m[1mGenerating Lisp code from vrep_common/simRosClearIntegerSignal.srv
[0m[ 55%] [34m[1mGenerating Lisp code from vrep_common/simRosLoadModel.srv
[0m[ 55%] [ 55%] [34m[1mGenerating C++ code from vrep_common/simRosSetIntegerSignal.srv
[0m[34m[1mGenerating Lisp code from vrep_common/simRosSetStringSignal.srv
[0m[ 56%] [34m[1mGenerating Lisp code from vrep_common/simRosGetLastErrors.srv
[0m[ 56%] [34m[1mGenerating Lisp code from vrep_common/simRosGetDialogInput.srv
[0m[ 56%] [34m[1mGenerating Lisp code from vrep_common/simRosSetObjectFloatParameter.srv
[0m[ 57%] [34m[1mGenerating C++ code from vrep_common/simRosAuxiliaryConsoleClose.srv
[0m[ 58%] [34m[1mGenerating Lisp code from vrep_common/simRosLoadUI.srv
[0m[ 58%] [34m[1mGenerating Lisp code from vrep_common/simRosSetObjectPose.srv
[0m[ 58%] [34m[1mGenerating Lisp code from vrep_common/simRosAddStatusbarMessage.srv
[0m[ 58%] [34m[1mGenerating C++ code from vrep_common/simRosBreakForceSensor.srv
[0m[ 59%] [34m[1mGenerating Lisp code from vrep_common/simRosSetUISlider.srv
[0m[ 59%] [34m[1mGenerating Lisp code from vrep_common/simRosRemoveModel.srv
[0m[ 59%] [ 59%] [34m[1mGenerating C++ code from vrep_common/simRosGetUIHandle.srv
[0m[34m[1mGenerating Lisp code from vrep_common/simRosGetCollectionHandle.srv
[0m[ 60%] [34m[1mGenerating Lisp code from vrep_common/simRosGetObjectChild.srv
[0m[ 60%] [34m[1mGenerating Lisp code from vrep_common/simRosTransferFile.srv
[0m[ 60%] [ 60%] [34m[1mGenerating Lisp code from vrep_common/simRosSetFloatSignal.srv
[0m[34m[1mGenerating C++ code from vrep_common/simRosSetJointTargetVelocity.srv
[0m[ 61%] [34m[1mGenerating Lisp code from vrep_common/simRosSetJointForce.srv
[0m[ 61%] [34m[1mGenerating Lisp code from vrep_common/simRosAuxiliaryConsoleShow.srv
[0m[ 61%] [34m[1mGenerating Lisp code from vrep_common/simRosGetIntegerSignal.srv
[0m[ 62%] [34m[1mGenerating C++ code from vrep_common/simRosReadProximitySensor.srv
[0m[ 62%] [34m[1mGenerating Lisp code from vrep_common/simRosGetUISlider.srv
[0m[ 63%] [34m[1mGenerating Lisp code from vrep_common/simRosReadVisionSensor.srv
[0m[ 63%] [34m[1mGenerating Lisp code from vrep_common/simRosGetStringSignal.srv
[0m[ 63%] [34m[1mGenerating C++ code from vrep_common/simRosReadForceSensor.srv
[0m[ 63%] [34m[1mGenerating Lisp code from vrep_common/simRosRemoveObject.srv
[0m[ 64%] [34m[1mGenerating Lisp code from vrep_common/simRosSetArrayParameter.srv
[0m[ 64%] [34m[1mGenerating Lisp code from vrep_common/simRosSetJointTargetPosition.srv
[0m[ 64%] [34m[1mGenerating Lisp code from vrep_common/simRosEndDialog.srv
[0m[ 64%] [34m[1mGenerating C++ code from vrep_common/simRosGetFloatingParameter.srv
[0m[ 65%] [34m[1mGenerating Lisp code from vrep_common/simRosAuxiliaryConsoleOpen.srv
[0m[ 65%] [34m[1mGenerating Lisp code from vrep_common/simRosSetIntegerParameter.srv
[0m[ 65%] [34m[1mGenerating Lisp code from vrep_common/simRosEraseFile.srv
[0m[ 66%] [34m[1mGenerating C++ code from vrep_common/simRosSetBooleanParameter.srv
[0m[ 67%] [34m[1mGenerating Lisp code from vrep_common/simRosGetObjectSelection.srv
[0m[ 67%] [34m[1mGenerating Lisp code from vrep_common/simRosSynchronousTrigger.srv
[0m[ 67%] [34m[1mGenerating Lisp code from vrep_common/simRosGetVisionSensorDepthBuffer.srv
[0m[ 67%] [34m[1mGenerating C++ code from vrep_common/simRosClearIntegerSignal.srv
[0m[ 68%] [34m[1mGenerating Lisp code from vrep_common/simRosGetDialogResult.srv
[0m[ 68%] [34m[1mGenerating Lisp code from vrep_common/simRosGetFloatSignal.srv
[0m[ 68%] [34m[1mGenerating Lisp code from vrep_common/simRosSetVisionSensorImage.srv
[0m[ 68%] [34m[1mGenerating C++ code from vrep_common/simRosLoadModel.srv
[0m[ 68%] [34m[1mGenerating Lisp code from vrep_common/simRosSetObjectPosition.srv
[0m[ 69%] [34m[1mGenerating Lisp code from vrep_common/simRosSetObjectIntParameter.srv
[0m[ 69%] [34m[1mGenerating Lisp code from vrep_common/simRosGetVisionSensorImage.srv
[0m[ 70%] [34m[1mGenerating C++ code from vrep_common/simRosSetStringSignal.srv
[0m[ 70%] [34m[1mGenerating Lisp code from vrep_common/simRosGetUIButtonProperty.srv
[0m[ 71%] [34m[1mGenerating Lisp code from vrep_common/simRosGetAndClearStringSignal.srv
[0m[ 71%] [34m[1mGenerating Lisp code from vrep_common/simRosCreateDummy.srv
[0m[ 71%] [34m[1mGenerating Lisp code from vrep_common/simRosLoadScene.srv
[0m[ 71%] [34m[1mGenerating C++ code from vrep_common/simRosGetLastErrors.srv
[0m[ 72%] [34m[1mGenerating Lisp code from vrep_common/simRosCopyPasteObjects.srv
[0m[ 72%] [34m[1mGenerating Lisp code from vrep_common/simRosSetSphericalJointMatrix.srv
[0m[ 72%] [34m[1mGenerating Lisp code from vrep_common/simRosSynchronous.srv
[0m[ 72%] [34m[1mGenerating C++ code from vrep_common/simRosGetDialogInput.srv
[0m[ 73%] [34m[1mGenerating Lisp code from vrep_common/simRosSetObjectParent.srv
[0m[ 73%] [34m[1mGenerating Lisp code from vrep_common/simRosDisplayDialog.srv
[0m[ 73%] [34m[1mGenerating Lisp code from vrep_common/simRosGetModelProperty.srv
[0m[ 74%] [ 75%] [34m[1mGenerating Lisp code from vrep_common/simRosGetDistanceHandle.srv
[0m[34m[1mGenerating C++ code from vrep_common/simRosSetObjectFloatParameter.srv
[0m[ 75%] [34m[1mGenerating Lisp code from vrep_common/simRosGetUIEventButton.srv
[0m[ 75%] [34m[1mGenerating Lisp code from vrep_common/simRosGetInfo.srv
[0m[ 75%] [34m[1mGenerating Lisp code from vrep_common/simRosPauseSimulation.srv
[0m[ 75%] [34m[1mGenerating C++ code from vrep_common/simRosLoadUI.srv
[0m[ 76%] [34m[1mGenerating Lisp code from vrep_common/simRosGetJointState.srv
[0m[ 76%] [34m[1mGenerating Lisp code from vrep_common/simRosGetObjectIntParameter.srv
[0m[ 76%] [34m[1mGenerating Lisp code from vrep_common/simRosGetCollisionHandle.srv
[0m[ 76%] [34m[1mGenerating C++ code from vrep_common/simRosSetObjectPose.srv
[0m[ 77%] [34m[1mGenerating Lisp code from vrep_common/simRosSetObjectSelection.srv
[0m[ 77%] [34m[1mGenerating Lisp code from vrep_common/simRosStartSimulation.srv
[0m[ 77%] [34m[1mGenerating Lisp code from vrep_common/simRosGetObjectPose.srv
[0m[ 78%] [34m[1mGenerating C++ code from vrep_common/simRosAddStatusbarMessage.srv
[0m[ 79%] [34m[1mGenerating Lisp code from vrep_common/simRosGetBooleanParameter.srv
[0m[ 79%] [34m[1mGenerating Lisp code from vrep_common/simRosSetFloatingParameter.srv
[0m[ 79%] [34m[1mGenerating Lisp code from vrep_common/simRosEnableSubscriber.srv
[0m[ 79%] [34m[1mGenerating C++ code from vrep_common/simRosSetUISlider.srv
[0m[ 80%] [34m[1mGenerating Lisp code from vrep_common/simRosSetUIButtonProperty.srv
[0m[ 80%] [34m[1mGenerating Lisp code from vrep_common/simRosClearStringSignal.srv
[0m[ 80%] [34m[1mGenerating Lisp code from vrep_common/simRosCallScriptFunction.srv
[0m[ 80%] [34m[1mGenerating C++ code from vrep_common/simRosRemoveModel.srv
[0m[ 81%] [34m[1mGenerating Lisp code from vrep_common/simRosSetModelProperty.srv
[0m[ 81%] [34m[1mGenerating Lisp code from vrep_common/simRosSetUIButtonLabel.srv
[0m[ 81%] [34m[1mGenerating Lisp code from vrep_common/simRosSetJointPosition.srv
[0m[ 81%] [34m[1mGenerating C++ code from vrep_common/simRosGetCollectionHandle.srv
[0m[ 81%] [34m[1mGenerating Lisp code from vrep_common/simRosGetObjectParent.srv
[0m[ 82%] [34m[1mGenerating Lisp code from vrep_common/simRosDisableSubscriber.srv
[0m[ 82%] [34m[1mGenerating Lisp code from vrep_common/simRosGetStringParameter.srv
[0m[ 82%] Built target vrep_common_generate_messages_lisp
[ 83%] [ 83%] [34m[1mGenerating C++ code from vrep_common/simRosGetObjectChild.srv
[0m[34m[1mGenerating C++ code from vrep_common/simRosTransferFile.srv
[0m[ 83%] [34m[1mGenerating C++ code from vrep_common/simRosSetFloatSignal.srv
[0m[ 84%] [34m[1mGenerating C++ code from vrep_common/simRosSetJointForce.srv
[0m[ 84%] [34m[1mGenerating C++ code from vrep_common/simRosAuxiliaryConsoleShow.srv
[0m[ 84%] [34m[1mGenerating C++ code from vrep_common/simRosGetIntegerSignal.srv
[0m[ 85%] [34m[1mGenerating C++ code from vrep_common/simRosGetUISlider.srv
[0m[ 85%] [34m[1mGenerating C++ code from vrep_common/simRosReadVisionSensor.srv
[0m[ 85%] [34m[1mGenerating C++ code from vrep_common/simRosGetStringSignal.srv
[0m[ 86%] [34m[1mGenerating C++ code from vrep_common/simRosRemoveObject.srv
[0m[ 86%] [ 86%] [34m[1mGenerating C++ code from vrep_common/simRosSetArrayParameter.srv
[0m[34m[1mGenerating C++ code from vrep_common/simRosSetJointTargetPosition.srv
[0m[ 87%] [ 87%] [34m[1mGenerating C++ code from vrep_common/simRosEndDialog.srv
[0m[34m[1mGenerating C++ code from vrep_common/simRosAuxiliaryConsoleOpen.srv
[0m[ 87%] [ 87%] [34m[1mGenerating C++ code from vrep_common/simRosSetIntegerParameter.srv
[0m[34m[1mGenerating C++ code from vrep_common/simRosEraseFile.srv
[0m[ 88%] [34m[1mGenerating C++ code from vrep_common/simRosGetObjectSelection.srv
[0m[ 88%] [34m[1mGenerating C++ code from vrep_common/simRosSynchronousTrigger.srv
[0m[ 88%] [ 89%] [34m[1mGenerating C++ code from vrep_common/simRosGetVisionSensorDepthBuffer.srv
[0m[34m[1mGenerating C++ code from vrep_common/simRosGetDialogResult.srv
[0m[ 89%] [ 89%] [34m[1mGenerating C++ code from vrep_common/simRosGetFloatSignal.srv
[0m[34m[1mGenerating C++ code from vrep_common/simRosSetVisionSensorImage.srv
[0m[ 90%] [34m[1mGenerating C++ code from vrep_common/simRosSetObjectPosition.srv
[0m[ 90%] [34m[1mGenerating C++ code from vrep_common/simRosSetObjectIntParameter.srv
[0m[ 90%] [ 91%] [34m[1mGenerating C++ code from vrep_common/simRosGetVisionSensorImage.srv
[0m[34m[1mGenerating C++ code from vrep_common/simRosGetUIButtonProperty.srv
[0m[ 91%] [ 91%] [34m[1mGenerating C++ code from vrep_common/simRosGetAndClearStringSignal.srv
[0m[34m[1mGenerating C++ code from vrep_common/simRosCreateDummy.srv
[0m[ 92%] [34m[1mGenerating C++ code from vrep_common/simRosLoadScene.srv
[0m[ 92%] [34m[1mGenerating C++ code from vrep_common/simRosCopyPasteObjects.srv
[0m[ 92%] [34m[1mGenerating C++ code from vrep_common/simRosSetSphericalJointMatrix.srv
[0m[ 92%] [34m[1mGenerating C++ code from vrep_common/simRosSynchronous.srv
[0m[ 93%] [34m[1mGenerating C++ code from vrep_common/simRosSetObjectParent.srv
[0m[ 93%] [34m[1mGenerating C++ code from vrep_common/simRosDisplayDialog.srv
[0m[ 93%] [34m[1mGenerating C++ code from vrep_common/simRosGetModelProperty.srv
[0m[ 94%] [34m[1mGenerating C++ code from vrep_common/simRosGetDistanceHandle.srv
[0m[ 94%] [ 94%] [34m[1mGenerating C++ code from vrep_common/simRosGetUIEventButton.srv
[0m[34m[1mGenerating C++ code from vrep_common/simRosGetInfo.srv
[0m[ 95%] [ 95%] [34m[1mGenerating C++ code from vrep_common/simRosPauseSimulation.srv
[0m[34m[1mGenerating C++ code from vrep_common/simRosGetJointState.srv
[0m[ 95%] [ 96%] [34m[1mGenerating C++ code from vrep_common/simRosGetObjectIntParameter.srv
[0m[34m[1mGenerating C++ code from vrep_common/simRosGetCollisionHandle.srv
[0m[ 96%] [ 96%] [34m[1mGenerating C++ code from vrep_common/simRosSetObjectSelection.srv
[0m[34m[1mGenerating C++ code from vrep_common/simRosStartSimulation.srv
[0m[ 97%] [34m[1mGenerating C++ code from vrep_common/simRosGetObjectPose.srv
[0m[ 97%] [34m[1mGenerating C++ code from vrep_common/simRosGetBooleanParameter.srv
[0m[ 97%] [34m[1mGenerating C++ code from vrep_common/simRosSetFloatingParameter.srv
[0m[ 97%] [34m[1mGenerating C++ code from vrep_common/simRosEnableSubscriber.srv
[0m[ 98%] [34m[1mGenerating C++ code from vrep_common/simRosSetUIButtonProperty.srv
[0m[ 98%] [34m[1mGenerating C++ code from vrep_common/simRosClearStringSignal.srv
[0m[ 98%] [34m[1mGenerating C++ code from vrep_common/simRosCallScriptFunction.srv
[0m[ 99%] [34m[1mGenerating C++ code from vrep_common/simRosSetModelProperty.srv
[0m[ 99%] [34m[1mGenerating C++ code from vrep_common/simRosSetUIButtonLabel.srv
[0m[ 99%] [34m[1mGenerating C++ code from vrep_common/simRosSetJointPosition.srv
[0m[100%] [34m[1mGenerating C++ code from vrep_common/simRosGetObjectParent.srv
[0m[100%] [34m[1mGenerating C++ code from vrep_common/simRosDisableSubscriber.srv
[0m[100%] [34m[1mGenerating C++ code from vrep_common/simRosGetStringParameter.srv
[0m[100%] Built target vrep_common_generate_messages_cpp
[35m[1mScanning dependencies of target vrep_common_generate_messages
[0m[100%] Built target vrep_common_generate_messages
[[36mvrep_common[0m] [32m<==[0m '[1m/home/youbot/Simulation_Examples/KUKA_youBot_ROS_VREP/towerOfHanoi_ROS/catkin_ws/build/vrep_common/build_env.sh /usr/bin/make --jobserver-fds=3,4 -j[0m' finished with return code '[1m0[0m'[0m
